<?xml version="1.0" encoding="UTF-8"?>
<testsuite xmlns:xsi="http://www.w3.org/2001/XMLSchema-instance" xsi:noNamespaceSchemaLocation="https://maven.apache.org/surefire/maven-surefire-plugin/xsd/surefire-test-report-3.0.xsd" version="3.0" name="com.example.demoNeo4J.DemoNeo4JApplicationTests" time="1.647" tests="1" errors="0" skipped="0" failures="0">
  <properties>
[...]
</properties>
  <testcase name="contextLoads" classname="com.example.demoNeo4J.DemoNeo4JApplicationTests" time="0.436">
    <system-out><![CDATA[20:32:47.048 [main] INFO org.springframework.test.context.support.AnnotationConfigContextLoaderUtils -- Could not detect default configuration classes for test class [com.example.demoNeo4J.DemoNeo4JApplicationTests]: DemoNeo4JApplicationTests does not declare any static, non-private, non-final, nested classes annotated with @Configuration.
20:32:47.097 [main] INFO org.springframework.boot.test.context.SpringBootTestContextBootstrapper -- Found @SpringBootConfiguration com.example.demoNeo4J.DemoNeo4JApplication for test class com.example.demoNeo4J.DemoNeo4JApplicationTests

  .   ____          _            __ _ _
 /\\ / ___'_ __ _ _(_)_ __  __ _ \ \ \ \
( ( )\___ | '_ | '_| | '_ \/ _` | \ \ \ \
 \\/  ___)| |_)| | | | | || (_| |  ) ) ) )
  '  |____| .__|_| |_|_| |_\__, | / / / /
 =========|_|==============|___/=/_/_/_/
&amp#27;[32m :: Spring Boot :: &amp#27;[39m              &amp#27;[2m (v3.2.5)&amp#27;[0;39m

&amp#27;[2m2024-09-19T20:32:47.305-03:00&amp#27;[0;39m &amp#27;[32m INFO&amp#27;[0;39m &amp#27;[35m12205&amp#27;[0;39m &amp#27;[2m---&amp#27;[0;39m &amp#27;[2m[demoNeo4J] [           main]&amp#27;[0;39m &amp#27;[2m&amp#27;[0;39m&amp#27;[36mc.e.demoNeo4J.DemoNeo4JApplicationTests &amp#27;[0;39m &amp#27;[2m:&amp#27;[0;39m Starting DemoNeo4JApplicationTests using Java 22.0.1 with PID 12205 (started by francobmassi in /Users/francobmassi/Downloads/demoNeo4J)
&amp#27;[2m2024-09-19T20:32:47.306-03:00&amp#27;[0;39m &amp#27;[32m INFO&amp#27;[0;39m &amp#27;[35m12205&amp#27;[0;39m &amp#27;[2m---&amp#27;[0;39m &amp#27;[2m[demoNeo4J] [           main]&amp#27;[0;39m &amp#27;[2m&amp#27;[0;39m&amp#27;[36mc.e.demoNeo4J.DemoNeo4JApplicationTests &amp#27;[0;39m &amp#27;[2m:&amp#27;[0;39m No active profile set, falling back to 1 default profile: "default"
&amp#27;[2m2024-09-19T20:32:47.579-03:00&amp#27;[0;39m &amp#27;[32m INFO&amp#27;[0;39m &amp#27;[35m12205&amp#27;[0;39m &amp#27;[2m---&amp#27;[0;39m &amp#27;[2m[demoNeo4J] [           main]&amp#27;[0;39m &amp#27;[2m&amp#27;[0;39m&amp#27;[36m.s.d.r.c.RepositoryConfigurationDelegate&amp#27;[0;39m &amp#27;[2m:&amp#27;[0;39m Bootstrapping Spring Data Neo4j repositories in DEFAULT mode.
&amp#27;[2m2024-09-19T20:32:47.589-03:00&amp#27;[0;39m &amp#27;[32m INFO&amp#27;[0;39m &amp#27;[35m12205&amp#27;[0;39m &amp#27;[2m---&amp#27;[0;39m &amp#27;[2m[demoNeo4J] [           main]&amp#27;[0;39m &amp#27;[2m&amp#27;[0;39m&amp#27;[36m.s.d.r.c.RepositoryConfigurationDelegate&amp#27;[0;39m &amp#27;[2m:&amp#27;[0;39m Finished Spring Data repository scanning in 7 ms. Found 0 Neo4j repository interfaces.
&amp#27;[2m2024-09-19T20:32:47.594-03:00&amp#27;[0;39m &amp#27;[32m INFO&amp#27;[0;39m &amp#27;[35m12205&amp#27;[0;39m &amp#27;[2m---&amp#27;[0;39m &amp#27;[2m[demoNeo4J] [           main]&amp#27;[0;39m &amp#27;[2m&amp#27;[0;39m&amp#27;[36m.s.d.r.c.RepositoryConfigurationDelegate&amp#27;[0;39m &amp#27;[2m:&amp#27;[0;39m Bootstrapping Spring Data Neo4j repositories in DEFAULT mode.
&amp#27;[2m2024-09-19T20:32:47.595-03:00&amp#27;[0;39m &amp#27;[32m INFO&amp#27;[0;39m &amp#27;[35m12205&amp#27;[0;39m &amp#27;[2m---&amp#27;[0;39m &amp#27;[2m[demoNeo4J] [           main]&amp#27;[0;39m &amp#27;[2m&amp#27;[0;39m&amp#27;[36m.s.d.r.c.RepositoryConfigurationDelegate&amp#27;[0;39m &amp#27;[2m:&amp#27;[0;39m Finished Spring Data repository scanning in 0 ms. Found 0 Neo4j repository interfaces.
&amp#27;[2m2024-09-19T20:32:48.056-03:00&amp#27;[0;39m &amp#27;[32m INFO&amp#27;[0;39m &amp#27;[35m12205&amp#27;[0;39m &amp#27;[2m---&amp#27;[0;39m &amp#27;[2m[demoNeo4J] [           main]&amp#27;[0;39m &amp#27;[2m&amp#27;[0;39m&amp#27;[36mo.neo4j.driver.internal.DriverFactory   &amp#27;[0;39m &amp#27;[2m:&amp#27;[0;39m Direct driver instance 643434827 created for server address 11c82e93.databases.neo4j.io:7687
&amp#27;[2m2024-09-19T20:32:48.163-03:00&amp#27;[0;39m &amp#27;[32m INFO&amp#27;[0;39m &amp#27;[35m12205&amp#27;[0;39m &amp#27;[2m---&amp#27;[0;39m &amp#27;[2m[demoNeo4J] [           main]&amp#27;[0;39m &amp#27;[2m&amp#27;[0;39m&amp#27;[36mc.e.demoNeo4J.DemoNeo4JApplicationTests &amp#27;[0;39m &amp#27;[2m:&amp#27;[0;39m Started DemoNeo4JApplicationTests in 0.999 seconds (process running for 1.462)
]]></system-out>
    <system-err><![CDATA[WARNING: A Java agent has been loaded dynamically (/Users/francobmassi/.m2/repository/net/bytebuddy/byte-buddy-agent/1.14.13/byte-buddy-agent-1.14.13.jar)
WARNING: If a serviceability tool is in use, please run with -XX:+EnableDynamicAgentLoading to hide this warning
WARNING: If a serviceability tool is not in use, please run with -Djdk.instrument.traceUsage for more information
WARNING: Dynamic loading of agents will be disallowed by default in a future release
]]></system-err>
  </testcase>
</testsuite>